REPOSITORY                TAG                 IMAGE ID            CREATED             SIZE
andywow/ubuntu-tmp-file   latest              b9a5093dde6e        31 seconds ago      111MB
ubuntu                    16.04               2a4cca5ac898        7 days ago          111MB
nginx                     latest              3f8a4339aadd        4 weeks ago         108MB
hello-world               latest              f2a91732366c        2 months ago        1.85kB
########
docker inspect 78080d3b80a5
########
[
    {
        "Id": "78080d3b80a50b21950726d7299cf069947096f88f3e5f946a15a5b699ad469a",
        "Created": "2018-01-23T19:06:41.685704178Z",
        "Path": "/bin/bash",
        "Args": [],
        "State": {
            "Status": "running",
            "Running": true,
            "Paused": false,
            "Restarting": false,
            "OOMKilled": false,
            "Dead": false,
            "Pid": 31953,
            "ExitCode": 0,
            "Error": "",
            "StartedAt": "2018-01-23T19:10:18.691118413Z",
            "FinishedAt": "2018-01-23T19:06:54.300636187Z"
        },
        "Image": "sha256:2a4cca5ac898476c2c47a8d6a17102e00241d6fa377fbe4d50787fe3d7a8d4d6",
        "ResolvConfPath": "/var/lib/docker/containers/78080d3b80a50b21950726d7299cf069947096f88f3e5f946a15a5b699ad469a/resolv.conf",
        "HostnamePath": "/var/lib/docker/containers/78080d3b80a50b21950726d7299cf069947096f88f3e5f946a15a5b699ad469a/hostname",
        "HostsPath": "/var/lib/docker/containers/78080d3b80a50b21950726d7299cf069947096f88f3e5f946a15a5b699ad469a/hosts",
        "LogPath": "/var/lib/docker/containers/78080d3b80a50b21950726d7299cf069947096f88f3e5f946a15a5b699ad469a/78080d3b80a50b21950726d7299cf069947096f88f3e5f946a15a5b699ad469a-json.log",
        "Name": "/peaceful_hamilton",
        "RestartCount": 0,
        "Driver": "overlay2",
        "Platform": "linux",
        "MountLabel": "",
        "ProcessLabel": "",
        "AppArmorProfile": "docker-default",
        "ExecIDs": null,
        "HostConfig": {
            "Binds": null,
            "ContainerIDFile": "",
            "LogConfig": {
                "Type": "json-file",
                "Config": {}
            },
            "NetworkMode": "default",
            "PortBindings": {},
            "RestartPolicy": {
                "Name": "no",
                "MaximumRetryCount": 0
            },
            "AutoRemove": false,
            "VolumeDriver": "",
            "VolumesFrom": null,
            "CapAdd": null,
            "CapDrop": null,
            "Dns": [],
            "DnsOptions": [],
            "DnsSearch": [],
            "ExtraHosts": null,
            "GroupAdd": null,
            "IpcMode": "shareable",
            "Cgroup": "",
            "Links": null,
            "OomScoreAdj": 0,
            "PidMode": "",
            "Privileged": false,
            "PublishAllPorts": false,
            "ReadonlyRootfs": false,
            "SecurityOpt": null,
            "UTSMode": "",
            "UsernsMode": "",
            "ShmSize": 67108864,
            "Runtime": "runc",
            "ConsoleSize": [
                0,
                0
            ],
            "Isolation": "",
            "CpuShares": 0,
            "Memory": 0,
            "NanoCpus": 0,
            "CgroupParent": "",
            "BlkioWeight": 0,
            "BlkioWeightDevice": [],
            "BlkioDeviceReadBps": null,
            "BlkioDeviceWriteBps": null,
            "BlkioDeviceReadIOps": null,
            "BlkioDeviceWriteIOps": null,
            "CpuPeriod": 0,
            "CpuQuota": 0,
            "CpuRealtimePeriod": 0,
            "CpuRealtimeRuntime": 0,
            "CpusetCpus": "",
            "CpusetMems": "",
            "Devices": [],
            "DeviceCgroupRules": null,
            "DiskQuota": 0,
            "KernelMemory": 0,
            "MemoryReservation": 0,
            "MemorySwap": 0,
            "MemorySwappiness": null,
            "OomKillDisable": false,
            "PidsLimit": 0,
            "Ulimits": null,
            "CpuCount": 0,
            "CpuPercent": 0,
            "IOMaximumIOps": 0,
            "IOMaximumBandwidth": 0
        },
        "GraphDriver": {
            "Data": {
                "LowerDir": "/var/lib/docker/overlay2/c027b6b78ccadbbecd94eb615e5577c0a6186f001028f9ba3b7c331786080119-init/diff:/var/lib/docker/overlay2/4e1072c9272d1768b706d5a2e5fea2c2d5efcb1ca3b80699db3056279265b10d/diff:/var/lib/docker/overlay2/ad7931a724a5e77ab78207a0b4aadd1b8ba181bfe3f95c4eaea4f2c063fec856/diff:/var/lib/docker/overlay2/16d7025da24f38ddef51697e07c2ce34fbb2f7c4ddfe3d5a5103f7c56baed39e/diff:/var/lib/docker/overlay2/16ae31b57ac4a068daaab38f56f7838970f875f97df326629c1a6dc7208f4a84/diff:/var/lib/docker/overlay2/603752252dce7f43cbf86c824e1841979eac75b7ea840199014b217d99a7aa75/diff",
                "MergedDir": "/var/lib/docker/overlay2/c027b6b78ccadbbecd94eb615e5577c0a6186f001028f9ba3b7c331786080119/merged",
                "UpperDir": "/var/lib/docker/overlay2/c027b6b78ccadbbecd94eb615e5577c0a6186f001028f9ba3b7c331786080119/diff",
                "WorkDir": "/var/lib/docker/overlay2/c027b6b78ccadbbecd94eb615e5577c0a6186f001028f9ba3b7c331786080119/work"
            },
            "Name": "overlay2"
        },
        "Mounts": [],
        "Config": {
            "Hostname": "78080d3b80a5",
            "Domainname": "",
            "User": "",
            "AttachStdin": true,
            "AttachStdout": true,
            "AttachStderr": true,
            "Tty": true,
            "OpenStdin": true,
            "StdinOnce": true,
            "Env": [
                "PATH=/usr/local/sbin:/usr/local/bin:/usr/sbin:/usr/bin:/sbin:/bin"
            ],
            "Cmd": [
                "/bin/bash"
            ],
            "Image": "ubuntu:16.04",
            "Volumes": null,
            "WorkingDir": "",
            "Entrypoint": null,
            "OnBuild": null,
            "Labels": {}
        },
        "NetworkSettings": {
            "Bridge": "",
            "SandboxID": "72c5ef728bc04ecc048d3d2516ac315cfad68a2f7942c9f1f1ee3fc455e7a563",
            "HairpinMode": false,
            "LinkLocalIPv6Address": "",
            "LinkLocalIPv6PrefixLen": 0,
            "Ports": {},
            "SandboxKey": "/var/run/docker/netns/72c5ef728bc0",
            "SecondaryIPAddresses": null,
            "SecondaryIPv6Addresses": null,
            "EndpointID": "2aa67ed9429f27dee8bb8986daa002d153eceef2ac69d6dda17ea779b0698fd5",
            "Gateway": "172.17.0.1",
            "GlobalIPv6Address": "",
            "GlobalIPv6PrefixLen": 0,
            "IPAddress": "172.17.0.2",
            "IPPrefixLen": 16,
            "IPv6Gateway": "",
            "MacAddress": "02:42:ac:11:00:02",
            "Networks": {
                "bridge": {
                    "IPAMConfig": null,
                    "Links": null,
                    "Aliases": null,
                    "NetworkID": "be09df1672788ffde23ed931aec6ad9ef292611a5fbe9e599c3b8aad273c2399",
                    "EndpointID": "2aa67ed9429f27dee8bb8986daa002d153eceef2ac69d6dda17ea779b0698fd5",
                    "Gateway": "172.17.0.1",
                    "IPAddress": "172.17.0.2",
                    "IPPrefixLen": 16,
                    "IPv6Gateway": "",
                    "GlobalIPv6Address": "",
                    "GlobalIPv6PrefixLen": 0,
                    "MacAddress": "02:42:ac:11:00:02",
                    "DriverOpts": null
                }
            }
        }
    }
]
########
docker inspect b9a5093dde6e
########
[
    {
        "Id": "sha256:b9a5093dde6e439787683c3ea371a86aa8a8ed25a5257e3e5c469b2d49a9d468",
        "RepoTags": [
            "andywow/ubuntu-tmp-file:latest"
        ],
        "RepoDigests": [],
        "Parent": "sha256:2a4cca5ac898476c2c47a8d6a17102e00241d6fa377fbe4d50787fe3d7a8d4d6",
        "Comment": "",
        "Created": "2018-01-23T19:30:11.204042678Z",
        "Container": "78080d3b80a50b21950726d7299cf069947096f88f3e5f946a15a5b699ad469a",
        "ContainerConfig": {
            "Hostname": "78080d3b80a5",
            "Domainname": "",
            "User": "",
            "AttachStdin": true,
            "AttachStdout": true,
            "AttachStderr": true,
            "Tty": true,
            "OpenStdin": true,
            "StdinOnce": true,
            "Env": [
                "PATH=/usr/local/sbin:/usr/local/bin:/usr/sbin:/usr/bin:/sbin:/bin"
            ],
            "Cmd": [
                "/bin/bash"
            ],
            "Image": "ubuntu:16.04",
            "Volumes": null,
            "WorkingDir": "",
            "Entrypoint": null,
            "OnBuild": null,
            "Labels": {}
        },
        "DockerVersion": "17.12.0-ce",
        "Author": "",
        "Config": {
            "Hostname": "",
            "Domainname": "",
            "User": "",
            "AttachStdin": false,
            "AttachStdout": false,
            "AttachStderr": false,
            "Tty": false,
            "OpenStdin": false,
            "StdinOnce": false,
            "Env": [
                "PATH=/usr/local/sbin:/usr/local/bin:/usr/sbin:/usr/bin:/sbin:/bin"
            ],
            "Cmd": [
                "/bin/bash"
            ],
            "Image": "",
            "Volumes": null,
            "WorkingDir": "",
            "Entrypoint": null,
            "OnBuild": null,
            "Labels": {}
        },
        "Architecture": "amd64",
        "Os": "linux",
        "Size": 111493604,
        "VirtualSize": 111493604,
        "GraphDriver": {
            "Data": {
                "LowerDir": "/var/lib/docker/overlay2/4e1072c9272d1768b706d5a2e5fea2c2d5efcb1ca3b80699db3056279265b10d/diff:/var/lib/docker/overlay2/ad7931a724a5e77ab78207a0b4aadd1b8ba181bfe3f95c4eaea4f2c063fec856/diff:/var/lib/docker/overlay2/16d7025da24f38ddef51697e07c2ce34fbb2f7c4ddfe3d5a5103f7c56baed39e/diff:/var/lib/docker/overlay2/16ae31b57ac4a068daaab38f56f7838970f875f97df326629c1a6dc7208f4a84/diff:/var/lib/docker/overlay2/603752252dce7f43cbf86c824e1841979eac75b7ea840199014b217d99a7aa75/diff",
                "MergedDir": "/var/lib/docker/overlay2/9e63990b02d228f0383454e391504dd53f525830dfa2aa617577d83251edeedc/merged",
                "UpperDir": "/var/lib/docker/overlay2/9e63990b02d228f0383454e391504dd53f525830dfa2aa617577d83251edeedc/diff",
                "WorkDir": "/var/lib/docker/overlay2/9e63990b02d228f0383454e391504dd53f525830dfa2aa617577d83251edeedc/work"
            },
            "Name": "overlay2"
        },
        "RootFS": {
            "Type": "layers",
            "Layers": [
                "sha256:833649a3e04c96faf218d8082b3533fa0674664f4b361c93cad91cf97222b733",
                "sha256:a6a01ad8b53fac9c52a907f40b70a6c61fe305db83a63ae83c970e7be1029d86",
                "sha256:d2bb1fc88136e1c5d59909e7704a9eb6671ea7aa4a0d4272f3e2689fc31a6bd1",
                "sha256:2bbb3cec611d9e3c4016eba00c9f87c51c7d03e54ccd9f12f8f04ac369f5243d",
                "sha256:8600ee70176b569d0776833f106d239d56043cb854a5edbb74aff6c5e8d4782d",
                "sha256:7205086d234fcb082fc2cc77a9c7f6481e9b0d8a45aafd82779f457ed50229a7"
            ]
        },
        "Metadata": {
            "LastTagTime": "2018-01-23T22:30:11.22386993+03:00"
        }
    }
]

